\BOOKMARK [0][-]{chapter.1}{\376\377\0001\000\040\000I\000n\000t\000r\000o\000d\000u\000c\000t\000i\000o\000n}{}% 1
\BOOKMARK [1][-]{section.1.1}{\376\377\0001\000.\0001\000\040\000C\000o\000n\000t\000e\000x\000t\000u\000a\000l\000\040\000B\000a\000c\000k\000g\000r\000o\000u\000n\000d}{chapter.1}% 2
\BOOKMARK [1][-]{section.1.2}{\376\377\0001\000.\0002\000\040\000M\000o\000t\000i\000v\000a\000t\000i\000o\000n}{chapter.1}% 3
\BOOKMARK [1][-]{section.1.3}{\376\377\0001\000.\0003\000\040\000O\000b\000j\000e\000c\000t\000i\000v\000e\000s}{chapter.1}% 4
\BOOKMARK [0][-]{chapter.2}{\376\377\0002\000\040\000M\000e\000t\000h\000o\000d\000o\000l\000o\000g\000y}{}% 5
\BOOKMARK [1][-]{section.2.1}{\376\377\0002\000.\0001\000\040\000W\000e\000b\000\040\000S\000c\000r\000a\000p\000i\000n\000g\000\040\000T\000e\000c\000h\000n\000i\000q\000u\000e\000s}{chapter.2}% 6
\BOOKMARK [1][-]{section.2.2}{\376\377\0002\000.\0002\000\040\000M\000o\000n\000t\000e\000\040\000C\000a\000r\000l\000o\000\040\000S\000i\000m\000u\000l\000a\000t\000i\000o\000n}{chapter.2}% 7
\BOOKMARK [0][-]{chapter.3}{\376\377\0003\000\040\000U\000t\000i\000l\000i\000z\000e\000d\000\040\000t\000e\000c\000h\000n\000o\000l\000o\000g\000i\000e\000s}{}% 8
\BOOKMARK [0][-]{chapter.4}{\376\377\0004\000\040\000R\000e\000q\000u\000i\000r\000e\000m\000e\000n\000t\000s}{}% 9
\BOOKMARK [1][-]{section.4.1}{\376\377\0004\000.\0001\000\040\000R\000e\000q\000u\000i\000r\000e\000m\000e\000n\000t\000s\000\040\000L\000i\000s\000t}{chapter.4}% 10
\BOOKMARK [2][-]{subsection.4.1.1}{\376\377\0004\000.\0001\000.\0001\000\040\000F\000u\000n\000c\000t\000i\000o\000n\000a\000l\000\040\000R\000e\000q\000u\000i\000r\000e\000m\000e\000n\000t\000s}{section.4.1}% 11
\BOOKMARK [2][-]{subsection.4.1.2}{\376\377\0004\000.\0001\000.\0002\000\040\000N\000o\000n\000-\000F\000u\000n\000c\000t\000i\000o\000n\000a\000l\000\040\000R\000e\000q\000u\000i\000r\000e\000m\000e\000n\000t\000s}{section.4.1}% 12
\BOOKMARK [2][-]{subsection.4.1.3}{\376\377\0004\000.\0001\000.\0003\000\040\000P\000l\000a\000t\000f\000o\000r\000m\000\040\000R\000e\000q\000u\000i\000r\000e\000m\000e\000n\000t\000s}{section.4.1}% 13
\BOOKMARK [2][-]{subsection.4.1.4}{\376\377\0004\000.\0001\000.\0004\000\040\000U\000s\000e\000\040\000C\000a\000s\000e\000s}{section.4.1}% 14
\BOOKMARK [0][-]{chapter.5}{\376\377\0005\000\040\000A\000r\000c\000h\000i\000t\000e\000c\000t\000u\000r\000e}{}% 15
\BOOKMARK [0][-]{chapter.6}{\376\377\0006\000\040\000I\000m\000p\000l\000e\000m\000e\000n\000t\000a\000t\000i\000o\000n}{}% 16
\BOOKMARK [0][-]{chapter.7}{\376\377\0007\000\040\000T\000e\000s\000t\000i\000n\000g\000\040\000a\000n\000d\000\040\000V\000a\000l\000i\000d\000a\000t\000i\000o\000n}{}% 17
\BOOKMARK [1][-]{section.7.1}{\376\377\0007\000.\0001\000\040\000U\000n\000i\000t\000\040\000T\000e\000s\000t\000i\000n\000g}{chapter.7}% 18
\BOOKMARK [1][-]{section.7.2}{\376\377\0007\000.\0002\000\040\000I\000n\000t\000e\000g\000r\000a\000t\000i\000o\000n\000\040\000T\000e\000s\000t\000i\000n\000g}{chapter.7}% 19
\BOOKMARK [1][-]{section.7.3}{\376\377\0007\000.\0003\000\040\000S\000y\000s\000t\000e\000m\000\040\000T\000e\000s\000t\000i\000n\000g}{chapter.7}% 20
\BOOKMARK [1][-]{section.7.4}{\376\377\0007\000.\0004\000\040\000P\000e\000r\000f\000o\000r\000m\000a\000n\000c\000e\000\040\000E\000v\000a\000l\000u\000a\000t\000i\000o\000n}{chapter.7}% 21
\BOOKMARK [0][-]{chapter.8}{\376\377\0008\000\040\000R\000e\000s\000u\000l\000t\000s\000\040\000a\000n\000d\000\040\000D\000i\000s\000c\000u\000s\000s\000i\000o\000n}{}% 22
\BOOKMARK [1][-]{section.8.1}{\376\377\0008\000.\0001\000\040\000A\000n\000a\000l\000y\000s\000i\000s\000\040\000o\000f\000\040\000W\000e\000b\000\040\000S\000c\000r\000a\000p\000i\000n\000g\000\040\000R\000e\000s\000u\000l\000t\000s}{chapter.8}% 23
\BOOKMARK [1][-]{section.8.2}{\376\377\0008\000.\0002\000\040\000E\000v\000a\000l\000u\000a\000t\000i\000o\000n\000\040\000o\000f\000\040\000M\000o\000n\000t\000e\000\040\000C\000a\000r\000l\000o\000\040\000S\000i\000m\000u\000l\000a\000t\000i\000o\000n\000s}{chapter.8}% 24
\BOOKMARK [1][-]{section.8.3}{\376\377\0008\000.\0003\000\040\000C\000o\000m\000p\000a\000r\000i\000s\000o\000n\000\040\000w\000i\000t\000h\000\040\000E\000x\000i\000s\000t\000i\000n\000g\000\040\000M\000e\000t\000h\000o\000d\000s}{chapter.8}% 25
\BOOKMARK [0][-]{chapter.9}{\376\377\0009\000\040\000C\000o\000n\000c\000l\000u\000s\000i\000o\000n}{}% 26
\BOOKMARK [1][-]{section.9.1}{\376\377\0009\000.\0001\000\040\000S\000u\000m\000m\000a\000r\000y\000\040\000o\000f\000\040\000F\000i\000n\000d\000i\000n\000g\000s}{chapter.9}% 27
\BOOKMARK [1][-]{section.9.2}{\376\377\0009\000.\0002\000\040\000C\000o\000n\000t\000r\000i\000b\000u\000t\000i\000o\000n\000s\000\040\000t\000o\000\040\000K\000n\000o\000w\000l\000e\000d\000g\000e}{chapter.9}% 28
\BOOKMARK [1][-]{section.9.3}{\376\377\0009\000.\0003\000\040\000L\000i\000m\000i\000t\000a\000t\000i\000o\000n\000s\000\040\000a\000n\000d\000\040\000F\000u\000t\000u\000r\000e\000\040\000W\000o\000r\000k}{chapter.9}% 29
\BOOKMARK [0][-]{chapter.10}{\376\377\0001\0000\000\040}{}% 30
\BOOKMARK [1][-]{section.10.1}{\376\377\0001\0000\000.\0001\000\040}{chapter.10}% 31
\BOOKMARK [2][-]{subsection.10.1.1}{\376\377\0001\0000\000.\0001\000.\0001\000\040}{section.10.1}% 32
\BOOKMARK [0][-]{chapter.11}{\376\377\0001\0001\000\040\000C\000h\000a\000p\000t\000e\000r\000\040\000t\000i\000t\000l\000e}{}% 33
\BOOKMARK [1][-]{section.11.1}{\376\377\0001\0001\000.\0001\000\040\000S\000e\000c\000t\000i\000o\000n\000\040\000t\000i\000t\000l\000e}{chapter.11}% 34
\BOOKMARK [2][-]{subsection.11.1.1}{\376\377\0001\0001\000.\0001\000.\0001\000\040\000S\000u\000b\000s\000e\000c\000t\000i\000o\000n\000\040\000t\000i\000t\000l\000e}{section.11.1}% 35
\BOOKMARK [0][-]{chapter.12}{\376\377\0001\0002\000\040\000A\000p\000p\000e\000n\000d\000i\000c\000e\000s}{}% 36
\BOOKMARK [1][-]{section.12.1}{\376\377\0001\0002\000.\0001\000\040\000C\000o\000d\000e\000\040\000S\000a\000m\000p\000l\000e\000s}{chapter.12}% 37
\BOOKMARK [1][-]{section.12.2}{\376\377\0001\0002\000.\0002\000\040\000G\000U\000I\000\040\000M\000o\000c\000k\000u\000p\000s}{chapter.12}% 38
\BOOKMARK [1][-]{section.12.3}{\376\377\0001\0002\000.\0003\000\040\000T\000e\000s\000t\000\040\000C\000a\000s\000e\000s}{chapter.12}% 39
\BOOKMARK [0][-]{chapter*.3}{\376\377\000B\000i\000b\000l\000i\000o\000g\000r\000a\000p\000h\000y}{}% 40
